# JRE version: Java(TM) SE Runtime Environment (9.0+11) (build 9.0.4+11)
# Java VM: Java HotSpot(TM) 64-Bit Server VM (9.0.4+11, mixed mode, tiered, compressed oops, g1 gc, windows-amd64)
Heap:
 garbage-first heap   total 262144K, used 103099K [0x00000000e0000000, 0x00000000e0100800, 0x0000000100000000)
  region size 1024K, 96 young (98304K), 20 survivors (20480K)
 Metaspace       used 23854K, capacity 24640K, committed 24960K, reserved 1071104K
  class space    used 2391K, capacity 2570K, committed 2688K, reserved 1048576K
GC Heap History (10 events):
Event: 1.739 GC heap before
{Heap before GC invocations=0 (full 0):
 garbage-first heap   total 262144K, used 24576K [0x00000000e0000000, 0x00000000e0100800, 0x0000000100000000)
  region size 1024K, 24 young (24576K), 0 survivors (0K)
 Metaspace       used 12774K, capacity 13100K, committed 13312K, reserved 1060864K
  class space    used 1302K, capacity 1411K, committed 1536K, reserved 1048576K
}
Event: 1.747 GC heap after
{Heap after GC invocations=1 (full 0):
 garbage-first heap   total 262144K, used 6770K [0x00000000e0000000, 0x00000000e0100800, 0x0000000100000000)
  region size 1024K, 3 young (3072K), 3 survivors (3072K)
 Metaspace       used 12774K, capacity 13100K, committed 13312K, reserved 1060864K
  class space    used 1302K, capacity 1411K, committed 1536K, reserved 1048576K
}
Event: 2.024 GC heap before
{Heap before GC invocations=1 (full 0):
 garbage-first heap   total 262144K, used 33394K [0x00000000e0000000, 0x00000000e0100800, 0x0000000100000000)
  region size 1024K, 29 young (29696K), 3 survivors (3072K)
 Metaspace       used 14826K, capacity 15096K, committed 15232K, reserved 1062912K
  class space    used 1548K, capacity 1643K, committed 1664K, reserved 1048576K
}
Event: 2.030 GC heap after
{Heap after GC invocations=2 (full 0):
 garbage-first heap   total 262144K, used 10399K [0x00000000e0000000, 0x00000000e0100800, 0x0000000100000000)
  region size 1024K, 4 young (4096K), 4 survivors (4096K)
 Metaspace       used 14826K, capacity 15096K, committed 15232K, reserved 1062912K
  class space    used 1548K, capacity 1643K, committed 1664K, reserved 1048576K
}
Event: 2.667 GC heap before
{Heap before GC invocations=2 (full 0):
 garbage-first heap   total 262144K, used 50335K [0x00000000e0000000, 0x00000000e0100800, 0x0000000100000000)
  region size 1024K, 43 young (44032K), 4 survivors (4096K)
 Metaspace       used 19838K, capacity 20286K, committed 20480K, reserved 1067008K
  class space    used 2135K, capacity 2244K, committed 2304K, reserved 1048576K
}
Event: 2.673 GC heap after
{Heap after GC invocations=3 (full 0):
 garbage-first heap   total 262144K, used 14217K [0x00000000e0000000, 0x00000000e0100800, 0x0000000100000000)
  region size 1024K, 6 young (6144K), 6 survivors (6144K)
 Metaspace       used 19838K, capacity 20286K, committed 20480K, reserved 1067008K
  class space    used 2135K, capacity 2244K, committed 2304K, reserved 1048576K
}
Event: 3.466 GC heap before
{Heap before GC invocations=3 (full 0):
 garbage-first heap   total 262144K, used 66441K [0x00000000e0000000, 0x00000000e0100800, 0x0000000100000000)
  region size 1024K, 58 young (59392K), 6 survivors (6144K)
 Metaspace       used 20692K, capacity 21170K, committed 21248K, reserved 1069056K
  class space    used 2167K, capacity 2278K, committed 2304K, reserved 1048576K
}
Event: 3.473 GC heap after
{Heap after GC invocations=4 (full 0):
 garbage-first heap   total 262144K, used 15819K [0x00000000e0000000, 0x00000000e0100800, 0x0000000100000000)
  region size 1024K, 8 young (8192K), 8 survivors (8192K)
 Metaspace       used 20692K, capacity 21170K, committed 21248K, reserved 1069056K
  class space    used 2167K, capacity 2278K, committed 2304K, reserved 1048576K
}
Event: 4.971 GC heap before
{Heap before GC invocations=5 (full 0):
 garbage-first heap   total 262144K, used 162251K [0x00000000e0000000, 0x00000000e0100800, 0x0000000100000000)
  region size 1024K, 153 young (156672K), 8 survivors (8192K)
 Metaspace       used 21612K, capacity 22220K, committed 22400K, reserved 1069056K
  class space    used 2194K, capacity 2319K, committed 2432K, reserved 1048576K
}
Event: 4.986 GC heap after
{Heap after GC invocations=6 (full 0):
 garbage-first heap   total 262144K, used 26299K [0x00000000e0000000, 0x00000000e0100800, 0x0000000100000000)
  region size 1024K, 20 young (20480K), 20 survivors (20480K)
 Metaspace       used 21612K, capacity 22220K, committed 22400K, reserved 1069056K
  class space    used 2194K, capacity 2319K, committed 2432K, reserved 1048576K
}

