# JRE version: Java(TM) SE Runtime Environment (8.0_201-b09) (build 1.8.0_201-b09)
# Java VM: Java HotSpot(TM) 64-Bit Server VM (25.201-b09 mixed mode windows-amd64 compressed oops)
Heap:
 PSYoungGen      total 136192K, used 23543K [0x00000000f5580000, 0x00000000ffe00000, 0x0000000100000000)
  eden space 99840K, 8% used [0x00000000f5580000,0x00000000f5d73920,0x00000000fb700000)
  from space 36352K, 42% used [0x00000000fda80000,0x00000000fe98a308,0x00000000ffe00000)
  to   space 36352K, 0% used [0x00000000fb700000,0x00000000fb700000,0x00000000fda80000)
 ParOldGen       total 175104K, used 20121K [0x00000000e0000000, 0x00000000eab00000, 0x00000000f5580000)
  object space 175104K, 11% used [0x00000000e0000000,0x00000000e13a6430,0x00000000eab00000)
 Metaspace       used 23443K, capacity 24066K, committed 24192K, reserved 1071104K
  class space    used 2732K, capacity 2856K, committed 2944K, reserved 1048576K
GC Heap History (10 events):
Event: 2.741 GC heap before
{Heap before GC invocations=3 (full 0):
 PSYoungGen      total 76288K, used 76276K [0x00000000f5580000, 0x00000000faa80000, 0x0000000100000000)
  eden space 65536K, 100% used [0x00000000f5580000,0x00000000f9580000,0x00000000f9580000)
  from space 10752K, 99% used [0x00000000fa000000,0x00000000faa7d0f0,0x00000000faa80000)
  to   space 10752K, 0% used [0x00000000f9580000,0x00000000f9580000,0x00000000fa000000)
 ParOldGen       total 175104K, used 1516K [0x00000000e0000000, 0x00000000eab00000, 0x00000000f5580000)
  object space 175104K, 0% used [0x00000000e0000000,0x00000000e017b228,0x00000000eab00000)
 Metaspace       used 16446K, capacity 16822K, committed 16896K, reserved 1064960K
  class space    used 1903K, capacity 2018K, committed 2048K, reserved 1048576K
Event: 2.748 GC heap after
Heap after GC invocations=3 (full 0):
 PSYoungGen      total 76288K, used 10728K [0x00000000f5580000, 0x00000000faa80000, 0x0000000100000000)
  eden space 65536K, 0% used [0x00000000f5580000,0x00000000f5580000,0x00000000f9580000)
  from space 10752K, 99% used [0x00000000f9580000,0x00000000f9ffa040,0x00000000fa000000)
  to   space 10752K, 0% used [0x00000000fa000000,0x00000000fa000000,0x00000000faa80000)
 ParOldGen       total 175104K, used 5468K [0x00000000e0000000, 0x00000000eab00000, 0x00000000f5580000)
  object space 175104K, 3% used [0x00000000e0000000,0x00000000e0557280,0x00000000eab00000)
 Metaspace       used 16446K, capacity 16822K, committed 16896K, reserved 1064960K
  class space    used 1903K, capacity 2018K, committed 2048K, reserved 1048576K
}
Event: 3.028 GC heap before
{Heap before GC invocations=4 (full 0):
 PSYoungGen      total 76288K, used 75519K [0x00000000f5580000, 0x00000000faa80000, 0x0000000100000000)
  eden space 65536K, 98% used [0x00000000f5580000,0x00000000f94c5e50,0x00000000f9580000)
  from space 10752K, 99% used [0x00000000f9580000,0x00000000f9ffa040,0x00000000fa000000)
  to   space 10752K, 0% used [0x00000000fa000000,0x00000000fa000000,0x00000000faa80000)
 ParOldGen       total 175104K, used 5468K [0x00000000e0000000, 0x00000000eab00000, 0x00000000f5580000)
  object space 175104K, 3% used [0x00000000e0000000,0x00000000e0557280,0x00000000eab00000)
 Metaspace       used 17549K, capacity 18036K, committed 18304K, reserved 1064960K
  class space    used 2014K, capacity 2123K, committed 2176K, reserved 1048576K
Event: 3.045 GC heap after
Heap after GC invocations=4 (full 0):
 PSYoungGen      total 76288K, used 10728K [0x00000000f5580000, 0x00000000fea80000, 0x0000000100000000)
  eden space 65536K, 0% used [0x00000000f5580000,0x00000000f5580000,0x00000000f9580000)
  from space 10752K, 99% used [0x00000000fa000000,0x00000000faa7a040,0x00000000faa80000)
  to   space 10752K, 0% used [0x00000000f9580000,0x00000000f9580000,0x00000000fa000000)
 ParOldGen       total 175104K, used 38899K [0x00000000e0000000, 0x00000000eab00000, 0x00000000f5580000)
  object space 175104K, 22% used [0x00000000e0000000,0x00000000e25fcfd8,0x00000000eab00000)
 Metaspace       used 17549K, capacity 18036K, committed 18304K, reserved 1064960K
  class space    used 2014K, capacity 2123K, committed 2176K, reserved 1048576K
}
Event: 3.449 GC heap before
{Heap before GC invocations=5 (full 0):
 PSYoungGen      total 76288K, used 71634K [0x00000000f5580000, 0x00000000fea80000, 0x0000000100000000)
  eden space 65536K, 92% used [0x00000000f5580000,0x00000000f90fa908,0x00000000f9580000)
  from space 10752K, 99% used [0x00000000fa000000,0x00000000faa7a040,0x00000000faa80000)
  to   space 10752K, 0% used [0x00000000f9580000,0x00000000f9580000,0x00000000fa000000)
 ParOldGen       total 175104K, used 38899K [0x00000000e0000000, 0x00000000eab00000, 0x00000000f5580000)
  object space 175104K, 22% used [0x00000000e0000000,0x00000000e25fcfd8,0x00000000eab00000)
 Metaspace       used 20610K, capacity 21182K, committed 21248K, reserved 1069056K
  class space    used 2429K, capacity 2556K, committed 2560K, reserved 1048576K
Event: 3.457 GC heap after
Heap after GC invocations=5 (full 0):
 PSYoungGen      total 76288K, used 10744K [0x00000000f5580000, 0x0000000100000000, 0x0000000100000000)
  eden space 65536K, 0% used [0x00000000f5580000,0x00000000f5580000,0x00000000f9580000)
  from space 10752K, 99% used [0x00000000f9580000,0x00000000f9ffe050,0x00000000fa000000)
  to   space 38400K, 0% used [0x00000000fda80000,0x00000000fda80000,0x0000000100000000)
 ParOldGen       total 175104K, used 41795K [0x00000000e0000000, 0x00000000eab00000, 0x00000000f5580000)
  object space 175104K, 23% used [0x00000000e0000000,0x00000000e28d0c38,0x00000000eab00000)
 Metaspace       used 20610K, capacity 21182K, committed 21248K, reserved 1069056K
  class space    used 2429K, capacity 2556K, committed 2560K, reserved 1048576K
}
Event: 3.457 GC heap before
{Heap before GC invocations=6 (full 1):
 PSYoungGen      total 76288K, used 10744K [0x00000000f5580000, 0x0000000100000000, 0x0000000100000000)
  eden space 65536K, 0% used [0x00000000f5580000,0x00000000f5580000,0x00000000f9580000)
  from space 10752K, 99% used [0x00000000f9580000,0x00000000f9ffe050,0x00000000fa000000)
  to   space 38400K, 0% used [0x00000000fda80000,0x00000000fda80000,0x0000000100000000)
 ParOldGen       total 175104K, used 41795K [0x00000000e0000000, 0x00000000eab00000, 0x00000000f5580000)
  object space 175104K, 23% used [0x00000000e0000000,0x00000000e28d0c38,0x00000000eab00000)
 Metaspace       used 20610K, capacity 21182K, committed 21248K, reserved 1069056K
  class space    used 2429K, capacity 2556K, committed 2560K, reserved 1048576K
Event: 3.510 GC heap after
Heap after GC invocations=6 (full 1):
 PSYoungGen      total 76288K, used 0K [0x00000000f5580000, 0x0000000100000000, 0x0000000100000000)
  eden space 65536K, 0% used [0x00000000f5580000,0x00000000f5580000,0x00000000f9580000)
  from space 10752K, 0% used [0x00000000f9580000,0x00000000f9580000,0x00000000fa000000)
  to   space 38400K, 0% used [0x00000000fda80000,0x00000000fda80000,0x0000000100000000)
 ParOldGen       total 175104K, used 20113K [0x00000000e0000000, 0x00000000eab00000, 0x00000000f5580000)
  object space 175104K, 11% used [0x00000000e0000000,0x00000000e13a4430,0x00000000eab00000)
 Metaspace       used 20610K, capacity 21182K, committed 21248K, reserved 1069056K
  class space    used 2429K, capacity 2556K, committed 2560K, reserved 1048576K
}
Event: 4.563 GC heap before
{Heap before GC invocations=7 (full 1):
 PSYoungGen      total 76288K, used 65536K [0x00000000f5580000, 0x0000000100000000, 0x0000000100000000)
  eden space 65536K, 100% used [0x00000000f5580000,0x00000000f9580000,0x00000000f9580000)
  from space 10752K, 0% used [0x00000000f9580000,0x00000000f9580000,0x00000000fa000000)
  to   space 38400K, 0% used [0x00000000fda80000,0x00000000fda80000,0x0000000100000000)
 ParOldGen       total 175104K, used 20113K [0x00000000e0000000, 0x00000000eab00000, 0x00000000f5580000)
  object space 175104K, 11% used [0x00000000e0000000,0x00000000e13a4430,0x00000000eab00000)
 Metaspace       used 23264K, capacity 23970K, committed 24192K, reserved 1071104K
  class space    used 2695K, capacity 2824K, committed 2944K, reserved 1048576K
Event: 4.570 GC heap after
Heap after GC invocations=7 (full 1):
 PSYoungGen      total 136192K, used 15400K [0x00000000f5580000, 0x00000000ffe00000, 0x0000000100000000)
  eden space 99840K, 0% used [0x00000000f5580000,0x00000000f5580000,0x00000000fb700000)
  from space 36352K, 42% used [0x00000000fda80000,0x00000000fe98a308,0x00000000ffe00000)
  to   space 36352K, 0% used [0x00000000fb700000,0x00000000fb700000,0x00000000fda80000)
 ParOldGen       total 175104K, used 20121K [0x00000000e0000000, 0x00000000eab00000, 0x00000000f5580000)
  object space 175104K, 11% used [0x00000000e0000000,0x00000000e13a6430,0x00000000eab00000)
 Metaspace       used 23264K, capacity 23970K, committed 24192K, reserved 1071104K
  class space    used 2695K, capacity 2824K, committed 2944K, reserved 1048576K
}

